TN:
SF:src\application\notFoundError.ts
FN:2,NotFoundError
FNF:1
FNH:1
FNDA:2,NotFoundError
DA:1,1
DA:2,1
DA:3,2
DA:4,2
DA:5,2
DA:6,1
LF:6
LH:6
BRDA:2,0,0,2
BRF:1
BRH:1
end_of_record
TN:
SF:src\application\userUseCase.ts
FN:6,UserUseCase
FN:8,UserUseCase.getUserById
FN:16,UserUseCase.listUser
FN:24,UserUseCase.updateUser
FN:33,UserUseCase.registerUser
FN:42,UserUseCase.loginUser
FN:51,UserUseCase.deleteUser
FN:56,UserUseCase.listUserPag
FN:61,UserUseCase.getNumUsers
FN:67,UserUseCase.listFollowersPag
FN:72,UserUseCase.listFollowedPag
FN:77,UserUseCase.insertFollower
FN:82,UserUseCase.insertFollowed
FN:87,UserUseCase.deleteFollower
FN:92,UserUseCase.deleteFollowed
FNF:15
FNH:5
FNDA:9,UserUseCase
FNDA:1,UserUseCase.getUserById
FNDA:1,UserUseCase.listUser
FNDA:1,UserUseCase.updateUser
FNDA:2,UserUseCase.registerUser
FNDA:0,UserUseCase.loginUser
FNDA:0,UserUseCase.deleteUser
FNDA:0,UserUseCase.listUserPag
FNDA:0,UserUseCase.getNumUsers
FNDA:0,UserUseCase.listFollowersPag
FNDA:0,UserUseCase.listFollowedPag
FNDA:0,UserUseCase.insertFollower
FNDA:0,UserUseCase.insertFollowed
FNDA:0,UserUseCase.deleteFollower
FNDA:0,UserUseCase.deleteFollowed
DA:1,1
DA:2,1
DA:3,1
DA:4,1
DA:5,1
DA:6,1
DA:7,1
DA:8,1
DA:9,1
DA:10,1
DA:11,0
DA:12,0
DA:13,1
DA:14,1
DA:15,1
DA:16,1
DA:17,1
DA:18,1
DA:19,0
DA:20,0
DA:21,1
DA:22,1
DA:23,1
DA:24,1
DA:25,1
DA:26,1
DA:27,1
DA:28,0
DA:29,0
DA:30,1
DA:31,1
DA:32,1
DA:33,1
DA:34,2
DA:35,2
DA:36,2
DA:37,2
DA:38,2
DA:39,0
DA:40,0
DA:41,1
DA:42,1
DA:43,0
DA:44,0
DA:45,0
DA:46,0
DA:47,0
DA:48,0
DA:49,0
DA:50,1
DA:51,1
DA:52,0
DA:53,0
DA:54,0
DA:55,1
DA:56,1
DA:57,0
DA:58,0
DA:59,0
DA:60,1
DA:61,1
DA:62,0
DA:63,0
DA:64,0
DA:65,1
DA:66,1
DA:67,1
DA:68,0
DA:69,0
DA:70,0
DA:71,1
DA:72,1
DA:73,0
DA:74,0
DA:75,0
DA:76,1
DA:77,1
DA:78,0
DA:79,0
DA:80,0
DA:81,1
DA:82,1
DA:83,0
DA:84,0
DA:85,0
DA:86,1
DA:87,1
DA:88,0
DA:89,0
DA:90,0
DA:91,1
DA:92,1
DA:93,0
DA:94,0
DA:95,0
DA:96,1
LF:96
LH:54
BRDA:6,0,0,9
BRDA:8,1,0,1
BRDA:8,2,0,1
BRDA:10,3,0,0
BRDA:16,4,0,1
BRDA:16,5,0,1
BRDA:18,6,0,0
BRDA:24,7,0,1
BRDA:24,8,0,1
BRDA:27,9,0,0
BRDA:33,10,0,2
BRDA:33,11,0,2
BRDA:39,12,0,0
BRF:13
BRH:9
end_of_record
TN:
SF:src\domain\user\user.value.ts
FN:20,UserValue
FN:43,AuthValue
FN:67,UserAuthValue
FNF:3
FNH:2
FNDA:1,UserValue
FNDA:0,AuthValue
FNDA:2,UserAuthValue
DA:1,1
DA:2,1
DA:3,1
DA:4,1
DA:5,1
DA:6,1
DA:7,1
DA:8,1
DA:9,1
DA:10,1
DA:11,1
DA:12,1
DA:13,1
DA:14,1
DA:15,1
DA:16,1
DA:17,1
DA:18,1
DA:19,1
DA:20,1
DA:21,1
DA:22,1
DA:23,1
DA:24,1
DA:25,1
DA:26,1
DA:27,1
DA:28,1
DA:29,1
DA:30,1
DA:31,1
DA:32,1
DA:33,1
DA:34,1
DA:35,1
DA:36,1
DA:37,1
DA:38,1
DA:39,1
DA:40,1
DA:41,1
DA:42,1
DA:43,1
DA:44,0
DA:45,0
DA:46,0
DA:47,1
DA:48,1
DA:49,1
DA:50,1
DA:51,1
DA:52,1
DA:53,1
DA:54,1
DA:55,1
DA:56,1
DA:57,1
DA:58,1
DA:59,1
DA:60,1
DA:61,1
DA:62,1
DA:63,1
DA:64,1
DA:65,1
DA:66,1
DA:67,1
DA:68,2
DA:69,2
DA:70,2
DA:71,2
DA:72,2
DA:73,2
DA:74,2
DA:75,2
DA:76,2
DA:77,2
DA:78,2
DA:79,2
DA:80,2
DA:81,2
DA:82,2
DA:83,2
DA:84,2
DA:85,1
LF:85
LH:82
BRDA:20,0,0,1
BRDA:29,1,0,0
BRDA:67,2,0,2
BRDA:77,3,0,0
BRF:4
BRH:2
end_of_record
