TN:
SF:src\user\application\notFoundError.ts
FN:2,NotFoundError
FNF:1
FNH:1
FNDA:3,NotFoundError
DA:1,1
DA:2,1
DA:3,3
DA:4,3
DA:5,3
DA:6,1
LF:6
LH:6
BRDA:2,0,0,3
BRF:1
BRH:1
end_of_record
TN:
SF:src\user\application\userUseCase.ts
FN:6,UserUseCase
FN:8,UserUseCase.getUserById
FN:16,UserUseCase.listUser
FN:24,UserUseCase.updateUser
FN:33,UserUseCase.insertUser
FN:42,UserUseCase.registerUser
FN:51,UserUseCase.loginUser
FN:60,UserUseCase.deleteUser
FN:65,UserUseCase.listUserPag
FN:70,UserUseCase.getNumUsers
FN:76,UserUseCase.listFollowersPag
FN:81,UserUseCase.listFollowedPag
FN:86,UserUseCase.insertFollower
FN:91,UserUseCase.insertFollowed
FN:96,UserUseCase.deleteFollower
FN:101,UserUseCase.deleteFollowed
FNF:16
FNH:5
FNDA:7,UserUseCase
FNDA:2,UserUseCase.getUserById
FNDA:1,UserUseCase.listUser
FNDA:0,UserUseCase.updateUser
FNDA:1,UserUseCase.insertUser
FNDA:1,UserUseCase.registerUser
FNDA:0,UserUseCase.loginUser
FNDA:0,UserUseCase.deleteUser
FNDA:0,UserUseCase.listUserPag
FNDA:0,UserUseCase.getNumUsers
FNDA:0,UserUseCase.listFollowersPag
FNDA:0,UserUseCase.listFollowedPag
FNDA:0,UserUseCase.insertFollower
FNDA:0,UserUseCase.insertFollowed
FNDA:0,UserUseCase.deleteFollower
FNDA:0,UserUseCase.deleteFollowed
DA:1,1
DA:2,1
DA:3,1
DA:4,1
DA:5,1
DA:6,1
DA:7,1
DA:8,1
DA:9,2
DA:10,2
DA:11,1
DA:12,1
DA:13,1
DA:14,1
DA:15,1
DA:16,1
DA:17,1
DA:18,1
DA:19,0
DA:20,0
DA:21,1
DA:22,1
DA:23,1
DA:24,1
DA:25,0
DA:26,0
DA:27,0
DA:28,0
DA:29,0
DA:30,0
DA:31,0
DA:32,1
DA:33,1
DA:34,1
DA:35,1
DA:36,1
DA:37,1
DA:38,1
DA:39,0
DA:40,0
DA:41,1
DA:42,1
DA:43,1
DA:44,1
DA:45,1
DA:46,1
DA:47,1
DA:48,0
DA:49,0
DA:50,1
DA:51,1
DA:52,0
DA:53,0
DA:54,0
DA:55,0
DA:56,0
DA:57,0
DA:58,0
DA:59,1
DA:60,1
DA:61,0
DA:62,0
DA:63,0
DA:64,1
DA:65,1
DA:66,0
DA:67,0
DA:68,0
DA:69,1
DA:70,1
DA:71,0
DA:72,0
DA:73,0
DA:74,1
DA:75,1
DA:76,1
DA:77,0
DA:78,0
DA:79,0
DA:80,1
DA:81,1
DA:82,0
DA:83,0
DA:84,0
DA:85,1
DA:86,1
DA:87,0
DA:88,0
DA:89,0
DA:90,1
DA:91,1
DA:92,0
DA:93,0
DA:94,0
DA:95,1
DA:96,1
DA:97,0
DA:98,0
DA:99,0
DA:100,1
DA:101,1
DA:102,0
DA:103,0
DA:104,0
DA:105,1
LF:105
LH:58
BRDA:6,0,0,7
BRDA:8,1,0,2
BRDA:8,2,0,2
BRDA:10,3,0,1
BRDA:16,4,0,1
BRDA:16,5,0,1
BRDA:18,6,0,0
BRDA:33,7,0,1
BRDA:33,8,0,1
BRDA:39,9,0,0
BRDA:42,10,0,1
BRDA:42,11,0,1
BRDA:48,12,0,0
BRF:13
BRH:10
end_of_record
TN:
SF:src\user\domain\user.value.ts
FN:21,UserValue
FN:44,AuthValue
FN:68,UserAuthValue
FNF:3
FNH:2
FNDA:1,UserValue
FNDA:0,AuthValue
FNDA:1,UserAuthValue
DA:1,1
DA:2,1
DA:3,1
DA:4,1
DA:5,1
DA:6,1
DA:7,1
DA:8,1
DA:9,1
DA:10,1
DA:11,1
DA:12,1
DA:13,1
DA:14,1
DA:15,1
DA:16,1
DA:17,1
DA:18,1
DA:19,1
DA:20,1
DA:21,1
DA:22,1
DA:23,1
DA:24,1
DA:25,1
DA:26,1
DA:27,1
DA:28,1
DA:29,1
DA:30,1
DA:31,1
DA:32,1
DA:33,1
DA:34,1
DA:35,1
DA:36,1
DA:37,1
DA:38,1
DA:39,1
DA:40,1
DA:41,1
DA:42,1
DA:43,1
DA:44,1
DA:45,0
DA:46,0
DA:47,0
DA:48,1
DA:49,1
DA:50,1
DA:51,1
DA:52,1
DA:53,1
DA:54,1
DA:55,1
DA:56,1
DA:57,1
DA:58,1
DA:59,1
DA:60,1
DA:61,1
DA:62,1
DA:63,1
DA:64,1
DA:65,1
DA:66,1
DA:67,1
DA:68,1
DA:69,1
DA:70,1
DA:71,1
DA:72,1
DA:73,1
DA:74,1
DA:75,1
DA:76,1
DA:77,1
DA:78,1
DA:79,1
DA:80,1
DA:81,1
DA:82,1
DA:83,1
DA:84,1
DA:85,1
DA:86,1
LF:86
LH:83
BRDA:21,0,0,1
BRDA:30,1,0,0
BRDA:68,2,0,1
BRDA:78,3,0,0
BRF:4
BRH:2
end_of_record
